[themes.pixelwars.org/empathy/demo/index.html]
[backblue.gif]
[fade.gif]
[index.html]
[themes.pixelwars.org/empathy/demo/wp-content/themes/empathy/css/bootstrap.min.css]
[themes.pixelwars.org/empathy/demo/wp-content/themes/empathy/css/fonts/pe-icon-7-stroke/css/pe-icon-7-stroke.css]
[themes.pixelwars.org/empathy/demo/feed/index.html]
[themes.pixelwars.org/empathy/demo/comments/feed/index.html]
[themes.pixelwars.org/empathy/demo/wp-content/themes/empathy/css/fonts/fontello/css/fontello.css]
[themes.pixelwars.org/empathy/demo/wp-content/themes/empathy/js/nprogress/nprogress.css]
[themes.pixelwars.org/empathy/demo/wp-content/themes/empathy/js/jquery.magnific-popup/magnific-popup.css]
[themes.pixelwars.org/empathy/demo/wp-content/themes/empathy/js/jquery.uniform/uniform.default.css]
[themes.pixelwars.org/empathy/demo/wp-content/themes/empathy/css/animations.css]
[themes.pixelwars.org/empathy/demo/wp-content/themes/empathy/css/main.css]
[themes.pixelwars.org/empathy/demo/wp-content/themes/empathy/css/768.css]
[themes.pixelwars.org/empathy/demo/wp-content/themes/empathy/css/wp-fix.css]
[themes.pixelwars.org/empathy/demo/wp-content/themes/empathy/style.css]
[themes.pixelwars.org/empathy/demo/wp-includes/js/jquery/jquery-migrate.min330a.js]
[themes.pixelwars.org/empathy/demo/wp-content/themes/empathy/js/modernizr.min.js]
[themes.pixelwars.org/empathy/demo/xmlrpc0db0.php]
[themes.pixelwars.org/empathy/demo/wp-json/index.html]
[themes.pixelwars.org/empathy/demo/wp-includes/js/jquery/jqueryb8ff.js]
[themes.pixelwars.org/empathy/demo/wp-includes/wlwmanifest.xml]
[themes.pixelwars.org/empathy/demo/wp-json/oembed/1.0/embed7fd3.json]
[themes.pixelwars.org/empathy/demo/wp-json/oembed/1.0/embed18af]
[themes.pixelwars.org/empathy/demo/wp-content/uploads/2015/06/cropped-home-1-32x32.jpg]
[themes.pixelwars.org/empathy/demo/wp-content/uploads/2015/06/cropped-home-1-192x192.jpg]
[themes.pixelwars.org/empathy/demo/wp-content/uploads/2015/06/cropped-home-1-180x180.jpg]
[themes.pixelwars.org/empathy/demo/wp-content/uploads/2016/03/avatar.jpg]
[themes.pixelwars.org/empathy/demo/wp-content/uploads/2015/06/home-1.jpg]
[themes.pixelwars.org/empathy/demo/wp-content/uploads/2014/04/client-01.png]
[themes.pixelwars.org/empathy/demo/wp-content/uploads/2014/04/client-02.png]
[themes.pixelwars.org/empathy/demo/wp-content/uploads/2014/04/client-03.png]
[themes.pixelwars.org/empathy/demo/wp-content/uploads/2014/04/client-04.png]
[themes.pixelwars.org/empathy/demo/wp-content/uploads/2014/04/client-05.png]
[themes.pixelwars.org/empathy/demo/wp-content/uploads/2014/04/client-06.png]
[themes.pixelwars.org/empathy/demo/wp-content/uploads/2014/04/testo-01.jpg]
[themes.pixelwars.org/empathy/demo/wp-content/uploads/2014/04/testo-02.jpg]
[themes.pixelwars.org/empathy/demo/wp-content/uploads/2014/04/testo-03.jpg]
[themes.pixelwars.org/empathy/demo/wp-content/uploads/2015/07/01-500x375.jpg]
[themes.pixelwars.org/empathy/demo/wp-content/uploads/2015/07/091-500x375.jpg]
[themes.pixelwars.org/empathy/demo/wp-content/uploads/2015/07/051-500x375.jpg]
[themes.pixelwars.org/empathy/demo/wp-content/uploads/2015/07/022-500x375.jpg]
[themes.pixelwars.org/empathy/demo/wp-content/uploads/2015/07/032-500x375.jpg]
[themes.pixelwars.org/empathy/demo/wp-content/uploads/2015/07/08-500x375.jpg]
[themes.pixelwars.org/empathy/demo/portfolio/bookcard/index.html]
[themes.pixelwars.org/empathy/demo/portfolio/photographer/index.html]
[themes.pixelwars.org/empathy/demo/wp-content/uploads/2015/07/lightbox-011.jpg]
[themes.pixelwars.org/empathy/demo/wp-content/uploads/2015/07/lightbox-02.jpg]
[themes.pixelwars.org/empathy/demo/portfolio/read/index.html]
[themes.pixelwars.org/empathy/demo/wp-content/uploads/2015/07/lightbox-03.jpg]
[themes.pixelwars.org/empathy/demo/wp-content/uploads/2015/07/071-500x375.jpg]
[themes.pixelwars.org/empathy/demo/wp-content/uploads/2015/07/lightbox-01.jpg]
[themes.pixelwars.org/empathy/demo/wp-content/uploads/2015/07/042-500x375.jpg]
[themes.pixelwars.org/empathy/demo/wp-content/uploads/2015/07/061-500x375.jpg]
[themes.pixelwars.org/empathy/demo/wp-content/uploads/2015/07/011-500x331.jpg]
[themes.pixelwars.org/empathy/demo/wp-content/uploads/2015/07/01-2-500x334.jpg]
[themes.pixelwars.org/empathy/demo/wp-content/uploads/2015/07/031-500x334.jpg]
[themes.pixelwars.org/empathy/demo/wp-content/uploads/2015/07/07-500x500.jpg]
[themes.pixelwars.org/empathy/demo/portfolio/unique-design/index.html]
[themes.pixelwars.org/empathy/demo/wp-content/uploads/2015/07/10-500x334.jpg]
[themes.pixelwars.org/empathy/demo/wp-content/uploads/2015/07/05-500x334.jpg]
[themes.pixelwars.org/empathy/demo/wp-content/uploads/2015/07/041-500x334.jpg]
[themes.pixelwars.org/empathy/demo/wp-content/uploads/2015/07/06-500x500.jpg]
[themes.pixelwars.org/empathy/demo/wp-content/uploads/2015/07/02-500x334.jpg]
[themes.pixelwars.org/empathy/demo/wp-content/themes/empathy/js/jquery.address-1.5.min.js]
[themes.pixelwars.org/empathy/demo/wp-content/themes/empathy/js/nprogress/nprogress.js]
[themes.pixelwars.org/empathy/demo/there-is-always-light-at-the-end-of-the-tunnel/index.html]
[themes.pixelwars.org/empathy/demo/wp-content/themes/empathy/js/fastclick.js]
[themes.pixelwars.org/empathy/demo/love-is-a-strong-word/index.html]
[themes.pixelwars.org/empathy/demo/wp-content/themes/empathy/js/typist.js]
[themes.pixelwars.org/empathy/demo/get-your-bike-ready-for-the-summer/index.html]
[themes.pixelwars.org/empathy/demo/wp-includes/js/imagesloaded.min55a0.js]
[themes.pixelwars.org/empathy/demo/wp-content/themes/empathy/js/jquery.isotope.min.js]
[themes.pixelwars.org/empathy/demo/wp-content/themes/empathy/js/jquery.fitvids.js]
[themes.pixelwars.org/empathy/demo/wp-content/themes/empathy/js/jquery.validate.min.js]
[themes.pixelwars.org/empathy/demo/wp-content/themes/empathy/js/jquery.uniform/jquery.uniform.min.js]
[themes.pixelwars.org/empathy/demo/free-your-mind-for-a-better-life/index.html]
[themes.pixelwars.org/empathy/demo/becoming-a-dragonfly/index.html]
[themes.pixelwars.org/empathy/demo/nothing-like-morning-coffee/index.html]
[themes.pixelwars.org/empathy/demo/wp-content/themes/empathy/js/jquery.magnific-popup/jquery.magnific-popup.min.js]
[themes.pixelwars.org/empathy/demo/wp-content/themes/empathy/js/socialstream.jquery.js]
[themes.pixelwars.org/empathy/demo/surfing-is-a-lifestyle/index.html]
[themes.pixelwars.org/empathy/demo/wp-content/themes/empathy/js/jarallax.min.js]
[themes.pixelwars.org/empathy/demo/wp-content/themes/empathy/js/jarallax-video.min.js]
[themes.pixelwars.org/empathy/demo/wp-content/themes/empathy/js/main.js]
[themes.pixelwars.org/empathy/demo/wp-content/themes/empathy/js/wp-fix.js]
[themes.pixelwars.org/empathy/demo/wp-includes/js/wp-embed.min5010.js]
[themes.pixelwars.org/empathy/demo/index.html]
[themes.pixelwars.org/empathy/demo/wp-content/themes/empathy/css/bootstrap.min.css]
[themes.pixelwars.org/empathy/demo/travelling-feels-like-you-are-alive/index.html]
[themes.pixelwars.org/empathy/demo/runaway-a-road-adventure/index.html]
[themes.pixelwars.org/empathy/demo/wp-content/themes/empathy/css/fonts/pe-icon-7-stroke/fonts/Pe-icon-7-strokebb1d.eot]
[themes.pixelwars.org/empathy/demo/wp-content/themes/empathy/css/fonts/pe-icon-7-stroke/fonts/Pe-icon-7-stroked41d.eot]
[themes.pixelwars.org/empathy/demo/wp-content/themes/empathy/css/fonts/pe-icon-7-stroke/fonts/Pe-icon-7-strokebb1d.woff]
[themes.pixelwars.org/empathy/demo/wp-content/themes/empathy/css/fonts/pe-icon-7-stroke/fonts/Pe-icon-7-strokebb1d.ttf]
[themes.pixelwars.org/empathy/demo/wp-content/themes/empathy/css/fonts/pe-icon-7-stroke/css/pe-icon-7-stroke.css]
[themes.pixelwars.org/empathy/demo/wp-content/themes/empathy/css/fonts/fontello/font/fontellofa26.eot]
[themes.pixelwars.org/empathy/demo/blog/index.html]
[themes.pixelwars.org/empathy/demo/wp-content/themes/empathy/css/fonts/fontello/font/fontellofa26.woff]
[themes.pixelwars.org/empathy/demo/wp-content/themes/empathy/css/fonts/fontello/font/fontellofa26.woff2]
[themes.pixelwars.org/empathy/demo/wp-content/themes/empathy/css/fonts/fontello/font/fontellofa26.ttf]
[themes.pixelwars.org/empathy/demo/wp-content/themes/empathy/css/fonts/fontello/css/fontello.css]
[themes.pixelwars.org/empathy/demo/wp-content/themes/empathy/js/nprogress/nprogress.css]
[themes.pixelwars.org/empathy/demo/wp-content/themes/empathy/js/jquery.magnific-popup/magnific-popup.css]
[themes.pixelwars.org/empathy/demo/wp-content/themes/empathy/js/jquery.uniform/uniform.default.css]
[themes.pixelwars.org/empathy/demo/wp-content/themes/empathy/css/animations.css]
[themes.pixelwars.org/empathy/demo/wp-content/themes/empathy/images/bckg/loading-light.gif]
[themes.pixelwars.org/empathy/demo/wp-content/themes/empathy/css/main.css]
[themes.pixelwars.org/empathy/demo/wp-content/themes/empathy/css/768.css]
[themes.pixelwars.org/empathy/demo/wp-content/themes/empathy/css/wp-fix.css]
[themes.pixelwars.org/empathy/demo/wp-content/themes/empathy/style.css]
[themes.pixelwars.org/empathy/demo/wp-json/oembed/1.0/embedc535.json]
[themes.pixelwars.org/empathy/demo/portfolio/bookcard/index.html]
[themes.pixelwars.org/empathy/demo/wp-json/oembed/1.0/embed28ab]
[themes.pixelwars.org/empathy/demo/wp-json/oembed/1.0/embed2466.json]
[themes.pixelwars.org/empathy/demo/portfolio/photographer/index.html]
[themes.pixelwars.org/empathy/demo/wp-json/oembed/1.0/embedb3bc]
[themes.pixelwars.org/empathy/demo/wp-json/oembed/1.0/embedf986.json]
[themes.pixelwars.org/empathy/demo/portfolio/read/index.html]
[themes.pixelwars.org/empathy/demo/wp-json/oembed/1.0/embed7c08]
[themes.pixelwars.org/empathy/demo/wp-json/oembed/1.0/embedf99b.json]
[themes.pixelwars.org/empathy/demo/portfolio/unique-design/index.html]
[themes.pixelwars.org/empathy/demo/wp-json/oembed/1.0/embeddca6]
[themes.pixelwars.org/empathy/demo/portfolio/high-trend/index.html]
[themes.pixelwars.org/empathy/demo/wp-json/oembed/1.0/embed479e.json]
[themes.pixelwars.org/empathy/demo/love-is-a-strong-word/feed/index.html]
[themes.pixelwars.org/empathy/demo/wp-json/oembed/1.0/embedf125]
[themes.pixelwars.org/empathy/demo/portfolio/pixelwars/index.html]
[themes.pixelwars.org/empathy/demo/wp-content/uploads/2015/07/011.jpg]
[themes.pixelwars.org/empathy/demo/wp-content/uploads/2015/07/05-500x333.jpg]
[themes.pixelwars.org/empathy/demo/category/travel/index.html]
[themes.pixelwars.org/empathy/demo/wp-content/uploads/2015/07/041-500x333.jpg]
[themes.pixelwars.org/empathy/demo/wp-content/uploads/2015/07/06-500x333.jpg]
[themes.pixelwars.org/empathy/demo/love-is-a-strong-word/index.html]
[themes.pixelwars.org/empathy/demo/wp-includes/js/comment-reply.min5010.js]
[themes.pixelwars.org/empathy/demo/tag/love/index.html]
[themes.pixelwars.org/empathy/demo/wp-json/oembed/1.0/embed18a8.json]
[themes.pixelwars.org/empathy/demo/wp-json/oembed/1.0/embed0e7e]
[themes.pixelwars.org/empathy/demo/wp-content/uploads/2015/07/01-2-1000x667.jpg]
[themes.pixelwars.org/empathy/demo/love-is-a-strong-word/index267f.html]
[themes.pixelwars.org/empathy/demo/wp-content/uploads/2015/07/07-500x333.jpg]
[themes.pixelwars.org/empathy/demo/there-is-always-light-at-the-end-of-the-tunnel/index.html]
[themes.pixelwars.org/empathy/demo/wp-json/oembed/1.0/embedd9d9.json]
[themes.pixelwars.org/empathy/demo/love-is-a-strong-word/index41b7.html]
[themes.pixelwars.org/empathy/demo/wp-json/oembed/1.0/embed9137]
[themes.pixelwars.org/empathy/demo/love-is-a-strong-word/index94a5.html]
[themes.pixelwars.org/empathy/demo/love-is-a-strong-word/indexfc06.html]
[themes.pixelwars.org/empathy/demo/wp-content/uploads/2015/07/031-1000x667.jpg]
[themes.pixelwars.org/empathy/demo/get-your-bike-ready-for-the-summer/index.html]
[themes.pixelwars.org/empathy/demo/there-is-always-light-at-the-end-of-the-tunnel/feed/index.html]
[themes.pixelwars.org/empathy/demo/wp-json/oembed/1.0/embede49a.json]
[themes.pixelwars.org/empathy/demo/wp-json/oembed/1.0/embed4973]
[themes.pixelwars.org/empathy/demo/category/adventure/index.html]
[themes.pixelwars.org/empathy/demo/wp-content/uploads/2015/07/07-1000x1000.jpg]
[themes.pixelwars.org/empathy/demo/wp-content/uploads/2015/07/01-2-500x333.jpg]
[themes.pixelwars.org/empathy/demo/free-your-mind-for-a-better-life/index.html]
[themes.pixelwars.org/empathy/demo/category/sport/index.html]
[themes.pixelwars.org/empathy/demo/wp-json/oembed/1.0/embedeac6.json]
[themes.pixelwars.org/empathy/demo/category/think/index.html]
[themes.pixelwars.org/empathy/demo/wp-json/oembed/1.0/embedabbf]
[themes.pixelwars.org/empathy/demo/wp-content/uploads/2015/07/10-1000x667.jpg]
[themes.pixelwars.org/empathy/demo/tag/hope/index.html]
[themes.pixelwars.org/empathy/demo/nothing-like-morning-coffee/index.html]
[themes.pixelwars.org/empathy/demo/get-your-bike-ready-for-the-summer/feed/index.html]
[themes.pixelwars.org/empathy/demo/wp-json/oembed/1.0/embed840a.json]
[themes.pixelwars.org/empathy/demo/wp-json/oembed/1.0/embeda3f7]
[themes.pixelwars.org/empathy/demo/wp-content/uploads/2015/07/05-1000x667.jpg]
[themes.pixelwars.org/empathy/demo/post-format-quote/index.html]
[themes.pixelwars.org/empathy/demo/wp-content/uploads/2015/07/011-500x333.jpg]
[themes.pixelwars.org/empathy/demo/aside-post-format/index.html]
[themes.pixelwars.org/empathy/demo/becoming-a-dragonfly/index.html]
[themes.pixelwars.org/empathy/demo/wp-json/oembed/1.0/embed4dd6.json]
[themes.pixelwars.org/empathy/demo/wp-json/oembed/1.0/embed96d2]
[themes.pixelwars.org/empathy/demo/wp-content/uploads/2015/07/041-1000x667.jpg]
[themes.pixelwars.org/empathy/demo/wp-content/uploads/2015/07/10-500x333.jpg]
[themes.pixelwars.org/empathy/demo/tag/bike/index.html]
[themes.pixelwars.org/empathy/demo/surfing-is-a-lifestyle/index.html]
[themes.pixelwars.org/empathy/demo/free-your-mind-for-a-better-life/feed/index.html]
[themes.pixelwars.org/empathy/demo/tag/ready/index.html]
[themes.pixelwars.org/empathy/demo/wp-json/oembed/1.0/embed614a.json]
[themes.pixelwars.org/empathy/demo/nothing-like-morning-coffee/feed/index.html]
[themes.pixelwars.org/empathy/demo/scrap-surf/index.html]
[themes.pixelwars.org/empathy/demo/wp-json/oembed/1.0/embed0992]
[themes.pixelwars.org/empathy/demo/wp-content/uploads/2015/07/06-1000x1000.jpg]
[themes.pixelwars.org/empathy/demo/runaway-a-road-adventure/index.html]
[themes.pixelwars.org/empathy/demo/becoming-a-dragonfly/feed/index.html]
[themes.pixelwars.org/empathy/demo/wp-json/oembed/1.0/embed38cd.json]
[themes.pixelwars.org/empathy/demo/tag/coffee/index.html]
[themes.pixelwars.org/empathy/demo/wp-json/oembed/1.0/embedc2df]
[themes.pixelwars.org/empathy/demo/tag/morning/index.html]
[themes.pixelwars.org/empathy/demo/wp-content/uploads/2015/07/02-1000x667.jpg]
[themes.pixelwars.org/empathy/demo/travelling-feels-like-you-are-alive/index.html]
[themes.pixelwars.org/empathy/demo/surfing-is-a-lifestyle/feed/index.html]
[themes.pixelwars.org/empathy/demo/finding-perfect-spot-for-surfing/index.html]
[themes.pixelwars.org/empathy/demo/blog/index.html]
[themes.pixelwars.org/empathy/demo/wp-content/themes/empathy/css/fonts/pe-icon-7-stroke/fonts/Pe-icon-7-strokebb1d.svg]
[themes.pixelwars.org/empathy/demo/tag/open-mind/index.html]
[themes.pixelwars.org/empathy/demo/wp-content/themes/empathy/css/fonts/fontello/font/fontellofa26.svg]
[themes.pixelwars.org/empathy/demo/tag/think/index.html]
[themes.pixelwars.org/empathy/demo/wp-content/themes/empathy/js/jquery.magnific-popup/default-skin.svg]
[themes.pixelwars.org/empathy/demo/tag/sport/index.html]
[themes.pixelwars.org/empathy/demo/wp-content/themes/empathy/images/bckg/loading-light.html]
[themes.pixelwars.org/empathy/demo/index90b2.html]
[themes.pixelwars.org/empathy/demo/tag/sea/index.html]
[themes.pixelwars.org/empathy/demo/index672e.html]
[themes.pixelwars.org/empathy/demo/runaway-a-road-adventure/feed/index.html]
[themes.pixelwars.org/empathy/demo/tag/surfing/index.html]
[themes.pixelwars.org/empathy/demo/wp-json/oembed/1.0/embed721c.json]
[themes.pixelwars.org/empathy/demo/tag/travel/index.html]
[themes.pixelwars.org/empathy/demo/travelling-feels-like-you-are-alive/feed/index.html]
[themes.pixelwars.org/empathy/demo/portfolio/high-trend/index.html]
[themes.pixelwars.org/empathy/demo/wp-json/oembed/1.0/embedb54b]
[themes.pixelwars.org/empathy/demo/indexb8c6.html]
[themes.pixelwars.org/empathy/demo/tag/trip/index.html]
[themes.pixelwars.org/empathy/demo/wp-json/oembed/1.0/embed61e9.json]
[themes.pixelwars.org/empathy/demo/wp-json/oembed/1.0/embedf259]
[themes.pixelwars.org/empathy/demo/wp-content/uploads/2015/07/042.jpg]
[themes.pixelwars.org/empathy/demo/portfolio/pixelwars/index.html]
[themes.pixelwars.org/empathy/demo/index5442.html]
[themes.pixelwars.org/empathy/demo/indexe8d3.html]
[themes.pixelwars.org/empathy/demo/category/travel/index.html]
[themes.pixelwars.org/empathy/demo/category/travel/feed/index.html]
[themes.pixelwars.org/empathy/demo/portfolio/curious-neighbour/index.html]
[themes.pixelwars.org/empathy/demo/tag/love/index.html]
[themes.pixelwars.org/empathy/demo/portfolio/crunch-light/index.html]
[themes.pixelwars.org/empathy/demo/love-is-a-strong-word/index267f.html]
[themes.pixelwars.org/empathy/demo/love-is-a-strong-word/index41b7.html]
[themes.pixelwars.org/empathy/demo/love-is-a-strong-word/index94a5.html]
[themes.pixelwars.org/empathy/demo/love-is-a-strong-word/indexfc06.html]
[themes.pixelwars.org/empathy/demo/wp-content/uploads/2015/07/06.jpg]
[themes.pixelwars.org/empathy/demo/tag/love/feed/index.html]
[themes.pixelwars.org/empathy/demo/wp-content/uploads/2015/07/05.jpg]
[themes.pixelwars.org/empathy/demo/category/adventure/feed/index.html]
[themes.pixelwars.org/empathy/demo/blog/page/2/index.html]
[themes.pixelwars.org/empathy/demo/wp-content/uploads/2015/07/slide-01-big.jpg]
[themes.pixelwars.org/empathy/demo/wp-content/uploads/2015/07/slide-01-big-1024x683.jpg]
[themes.pixelwars.org/empathy/demo/wp-content/uploads/2015/07/slide-02-big.jpg]
[themes.pixelwars.org/empathy/demo/wp-content/uploads/2015/07/slide-02-big-1024x683.jpg]
[themes.pixelwars.org/empathy/demo/wp-content/uploads/2015/07/07.jpg]
[themes.pixelwars.org/empathy/demo/wp-content/uploads/2015/07/slide-03-big.jpg]
[themes.pixelwars.org/empathy/demo/wp-content/uploads/2015/07/slide-03-big-1024x683.jpg]
[themes.pixelwars.org/empathy/demo/category/adventure/index.html]
[themes.pixelwars.org/empathy/demo/category/sport/index.html]
[themes.pixelwars.org/empathy/demo/category/sport/feed/index.html]
[themes.pixelwars.org/empathy/demo/category/think/index.html]
[themes.pixelwars.org/empathy/demo/category/think/feed/index.html]
[themes.pixelwars.org/empathy/demo/indexf1ac.html]
[themes.pixelwars.org/empathy/demo/tag/hope/index.html]
[themes.pixelwars.org/empathy/demo/wp-json/oembed/1.0/embed379d.json]
[themes.pixelwars.org/empathy/demo/wp-json/oembed/1.0/embede9cd]
[themes.pixelwars.org/empathy/demo/post-format-quote/index.html]
[themes.pixelwars.org/empathy/demo/status-post/index.html]
[themes.pixelwars.org/empathy/demo/wp-json/oembed/1.0/embed972e.json]
[themes.pixelwars.org/empathy/demo/wp-json/oembed/1.0/embed2e6b]
[themes.pixelwars.org/empathy/demo/aside-post-format/index.html]
[themes.pixelwars.org/empathy/demo/tag/hope/feed/index.html]
[themes.pixelwars.org/empathy/demo/funny-conversation/index.html]
[themes.pixelwars.org/empathy/demo/index802e.html]
[themes.pixelwars.org/empathy/demo/post-format-quote/feed/index.html]
[themes.pixelwars.org/empathy/demo/tag/bike/index.html]
[themes.pixelwars.org/empathy/demo/tag/ready/index.html]
[themes.pixelwars.org/empathy/demo/aside-post-format/feed/index.html]
[themes.pixelwars.org/empathy/demo/wp-json/oembed/1.0/embede7ee.json]
[themes.pixelwars.org/empathy/demo/format-link/index.html]
[themes.pixelwars.org/empathy/demo/tag/bike/feed/index.html]
[themes.pixelwars.org/empathy/demo/wp-json/oembed/1.0/embed16d9]
[themes.pixelwars.org/empathy/demo/tag/ready/feed/index.html]
[themes.pixelwars.org/empathy/demo/wp-content/uploads/2015/07/031-500x333.jpg]
[themes.pixelwars.org/empathy/demo/scrap-surf/feed/index.html]
[themes.pixelwars.org/empathy/demo/scrap-surf/index.html]
[themes.pixelwars.org/empathy/demo/index3922.html]
[themes.pixelwars.org/empathy/demo/index12d0.html]
[themes.pixelwars.org/empathy/demo/tag/coffee/index.html]
[themes.pixelwars.org/empathy/demo/tag/coffee/feed/index.html]
[themes.pixelwars.org/empathy/demo/alice-on-the-roof/index.html]
[themes.pixelwars.org/empathy/demo/tag/morning/index.html]
[themes.pixelwars.org/empathy/demo/tag/morning/feed/index.html]
[themes.pixelwars.org/empathy/demo/tag/ocean/index.html]
[themes.pixelwars.org/empathy/demo/wp-json/oembed/1.0/embedb352.json]
[themes.pixelwars.org/empathy/demo/finding-perfect-spot-for-surfing/feed/index.html]
[themes.pixelwars.org/empathy/demo/finding-perfect-spot-for-surfing/index.html]
[themes.pixelwars.org/empathy/demo/index55d4.html]
[themes.pixelwars.org/empathy/demo/tag/open-mind/index.html]
[themes.pixelwars.org/empathy/demo/tag/think/index.html]
[themes.pixelwars.org/empathy/demo/wp-json/oembed/1.0/embed50b7]
[themes.pixelwars.org/empathy/demo/index0364.html]
[themes.pixelwars.org/empathy/demo/tag/sea/index.html]
[themes.pixelwars.org/empathy/demo/tag/think/feed/index.html]
[themes.pixelwars.org/empathy/demo/tag/open-mind/feed/index.html]
[themes.pixelwars.org/empathy/demo/tag/sea/feed/index.html]
[themes.pixelwars.org/empathy/demo/tag/sport/index.html]
[themes.pixelwars.org/empathy/demo/tag/surfing/index.html]
[themes.pixelwars.org/empathy/demo/index17f1.html]
[themes.pixelwars.org/empathy/demo/tag/travel/index.html]
[themes.pixelwars.org/empathy/demo/tag/sport/feed/index.html]
[themes.pixelwars.org/empathy/demo/tag/surfing/feed/index.html]
[themes.pixelwars.org/empathy/demo/tag/travel/feed/index.html]
[themes.pixelwars.org/empathy/demo/tag/surf/index.html]
[themes.pixelwars.org/empathy/demo/tag/trip/index.html]
[themes.pixelwars.org/empathy/demo/tag/trip/feed/index.html]
[themes.pixelwars.org/empathy/demo/index76f0.html]
[themes.pixelwars.org/empathy/demo/blog/page/2/index.html]
[themes.pixelwars.org/empathy/demo/wp-json/oembed/1.0/embed1133.json]
[themes.pixelwars.org/empathy/demo/portfolio/crunch-light/index.html]
[themes.pixelwars.org/empathy/demo/index9d87.html]
[themes.pixelwars.org/empathy/demo/wp-json/oembed/1.0/embed1c20]
[themes.pixelwars.org/empathy/demo/wp-json/oembed/1.0/embed61ed.json]
[themes.pixelwars.org/empathy/demo/portfolio/sun-bath/index.html]
[themes.pixelwars.org/empathy/demo/portfolio/curious-neighbour/index.html]
[themes.pixelwars.org/empathy/demo/indexecc4.html]
[themes.pixelwars.org/empathy/demo/wp-json/oembed/1.0/embedc14a]
[themes.pixelwars.org/empathy/demo/wp-json/oembed/1.0/embedca39.json]
[themes.pixelwars.org/empathy/demo/status-post/feed/index.html]
[themes.pixelwars.org/empathy/demo/status-post/index.html]
[themes.pixelwars.org/empathy/demo/wp-json/oembed/1.0/embedf0a6]
[themes.pixelwars.org/empathy/demo/wp-json/oembed/1.0/embed6469.json]
[themes.pixelwars.org/empathy/demo/funny-conversation/feed/index.html]
[themes.pixelwars.org/empathy/demo/funny-conversation/index.html]
[themes.pixelwars.org/empathy/demo/wp-json/oembed/1.0/embedbd18]
[themes.pixelwars.org/empathy/demo/wp-json/oembed/1.0/embedbfe8.json]
[themes.pixelwars.org/empathy/demo/format-link/feed/index.html]
[themes.pixelwars.org/empathy/demo/format-link/index.html]
[themes.pixelwars.org/empathy/demo/wp-json/oembed/1.0/embeda543]
[themes.pixelwars.org/empathy/demo/wp-json/oembed/1.0/embedb879.json]
[themes.pixelwars.org/empathy/demo/alice-on-the-roof/feed/index.html]
[themes.pixelwars.org/empathy/demo/alice-on-the-roof/index.html]
[themes.pixelwars.org/empathy/demo/index43fc.html]
[themes.pixelwars.org/empathy/demo/index40e6.html]
[themes.pixelwars.org/empathy/demo/index42a9.html]
[themes.pixelwars.org/empathy/demo/tag/ocean/index.html]
[themes.pixelwars.org/empathy/demo/wp-json/oembed/1.0/embed04d7]
[themes.pixelwars.org/empathy/demo/tag/surf/index.html]
[themes.pixelwars.org/empathy/demo/tag/ocean/feed/index.html]
[themes.pixelwars.org/empathy/demo/tag/surf/feed/index.html]
[themes.pixelwars.org/empathy/demo/index51fe.html]
[themes.pixelwars.org/empathy/demo/tag/music/index.html]
[themes.pixelwars.org/empathy/demo/wp-json/oembed/1.0/embed6358.json]
[themes.pixelwars.org/empathy/demo/tag/sound/index.html]
[themes.pixelwars.org/empathy/demo/portfolio/sun-bath/index.html]
[themes.pixelwars.org/empathy/demo/index17d3.html]
[themes.pixelwars.org/empathy/demo/index007a.html]
[themes.pixelwars.org/empathy/demo/indexd8bc.html]
[themes.pixelwars.org/empathy/demo/index2e64.html]
[themes.pixelwars.org/empathy/demo/index2d8c.html]
[themes.pixelwars.org/empathy/demo/indexead8.html]
[themes.pixelwars.org/empathy/demo/tag/music/index.html]
[themes.pixelwars.org/empathy/demo/tag/sound/index.html]
[themes.pixelwars.org/empathy/demo/indexa942.html]
[themes.pixelwars.org/empathy/demo/wp-json/oembed/1.0/embedb0bd]
[themes.pixelwars.org/empathy/demo/tag/music/feed/index.html]
[themes.pixelwars.org/empathy/demo/tag/sound/feed/index.html]
